<?xml version="1.0" encoding="UTF-8"?>
<testng-results ignored="0" total="1" passed="0" failed="1" skipped="0">
  <reporter-output>
  </reporter-output>
  <suite started-at="2024-03-15T16:22:46 EDT" name="Default suite" finished-at="2024-03-15T16:23:00 EDT" duration-ms="14083">
    <groups>
    </groups>
    <test started-at="2024-03-15T16:22:46 EDT" name="Default test" finished-at="2024-03-15T16:23:00 EDT" duration-ms="14083">
      <class name="org.balamuruganacademy.test.ios.IOSBasics">
        <test-method is-config="true" signature="ConfigureAppium()[pri:0, instance:org.balamuruganacademy.test.ios.IOSBasics@1ab3a8c8]" started-at="2024-03-15T16:22:46 EDT" name="ConfigureAppium" finished-at="2024-03-15T16:22:51 EDT" duration-ms="4869" status="PASS">
          <reporter-output>
          </reporter-output>
        </test-method> <!-- ConfigureAppium -->
        <test-method signature="IOSBasicsTest()[pri:0, instance:org.balamuruganacademy.test.ios.IOSBasics@1ab3a8c8]" started-at="2024-03-15T16:22:51 EDT" name="IOSBasicsTest" finished-at="2024-03-15T16:22:56 EDT" duration-ms="4408" status="FAIL">
          <exception class="java.lang.AssertionError">
            <message>
              <![CDATA[expected [A message should be a short, complete sentence] but found [A message should be a short, complete sentence.]]]>
            </message>
            <full-stacktrace>
              <![CDATA[java.lang.AssertionError: expected [A message should be a short, complete sentence] but found [A message should be a short, complete sentence.]
at org.testng.Assert.fail(Assert.java:111)
at org.testng.Assert.failNotEquals(Assert.java:1578)
at org.testng.Assert.assertEqualsImpl(Assert.java:150)
at org.testng.Assert.assertEquals(Assert.java:132)
at org.testng.Assert.assertEquals(Assert.java:656)
at org.testng.Assert.assertEquals(Assert.java:666)
at org.balamuruganacademy.test.ios.IOSBasics.IOSBasicsTest(IOSBasics.java:43)
at java.base/jdk.internal.reflect.DirectMethodHandleAccessor.invoke(DirectMethodHandleAccessor.java:103)
at java.base/java.lang.reflect.Method.invoke(Method.java:580)
at org.testng.internal.invokers.MethodInvocationHelper.invokeMethod(MethodInvocationHelper.java:139)
at org.testng.internal.invokers.TestInvoker.invokeMethod(TestInvoker.java:664)
at org.testng.internal.invokers.TestInvoker.invokeTestMethod(TestInvoker.java:228)
at org.testng.internal.invokers.MethodRunner.runInSequence(MethodRunner.java:63)
at org.testng.internal.invokers.TestInvoker$MethodInvocationAgent.invoke(TestInvoker.java:961)
at org.testng.internal.invokers.TestInvoker.invokeTestMethods(TestInvoker.java:201)
at org.testng.internal.invokers.TestMethodWorker.invokeTestMethods(TestMethodWorker.java:148)
at org.testng.internal.invokers.TestMethodWorker.run(TestMethodWorker.java:128)
at java.base/java.util.ArrayList.forEach(ArrayList.java:1596)
at org.testng.TestRunner.privateRun(TestRunner.java:819)
at org.testng.TestRunner.run(TestRunner.java:619)
at org.testng.SuiteRunner.runTest(SuiteRunner.java:443)
at org.testng.SuiteRunner.runSequentially(SuiteRunner.java:437)
at org.testng.SuiteRunner.privateRun(SuiteRunner.java:397)
at org.testng.SuiteRunner.run(SuiteRunner.java:336)
at org.testng.SuiteRunnerWorker.runSuite(SuiteRunnerWorker.java:52)
at org.testng.SuiteRunnerWorker.run(SuiteRunnerWorker.java:95)
at org.testng.TestNG.runSuitesSequentially(TestNG.java:1301)
at org.testng.TestNG.runSuitesLocally(TestNG.java:1228)
at org.testng.TestNG.runSuites(TestNG.java:1134)
at org.testng.TestNG.run(TestNG.java:1101)
at org.testng.remote.AbstractRemoteTestNG.run(AbstractRemoteTestNG.java:115)
at org.testng.remote.RemoteTestNG.initAndRun(RemoteTestNG.java:251)
at org.testng.remote.RemoteTestNG.main(RemoteTestNG.java:77)
]]>
            </full-stacktrace>
          </exception> <!-- java.lang.AssertionError -->
          <reporter-output>
          </reporter-output>
        </test-method> <!-- IOSBasicsTest -->
        <test-method is-config="true" signature="tearDown()[pri:0, instance:org.balamuruganacademy.test.ios.IOSBasics@1ab3a8c8]" started-at="2024-03-15T16:22:56 EDT" name="tearDown" finished-at="2024-03-15T16:23:00 EDT" duration-ms="4784" status="PASS">
          <reporter-output>
          </reporter-output>
        </test-method> <!-- tearDown -->
      </class> <!-- org.balamuruganacademy.test.ios.IOSBasics -->
    </test> <!-- Default test -->
  </suite> <!-- Default suite -->
</testng-results>
