<?xml version="1.0" encoding="UTF-8"?>
<!-- Generated by org.testng.reporters.JUnitReportReporter -->
<testsuite hostname="Balas-MBP" failures="0" tests="2" name="org.balamuruganacademy.test.ios.IOSBasics" time="2.286" errors="1" timestamp="2024-03-04T16:03:56 EST" skipped="1">
  <testcase classname="org.balamuruganacademy.test.ios.IOSBasics" name="ConfigureAppium" time="2.286">
    <error message="Could not start a new session. Response code 500. Message: An unknown server-side error occurred while processing the command. Original error: Could not determine iOS SDK version: Command &#039;xcrun --sdk iphonesimulator --show-sdk-version&#039; exited with code 1: xcrun: error: SDK &quot;iphonesimulator&quot; cannot be located
xcrun: error: SDK &quot;iphonesimulator&quot; cannot be located
xcrun: error: unable to lookup item &#039;SDKVersion&#039; in SDK &#039;iphonesimulator&#039;
 
Host info: host: &#039;Balas-MBP&#039;, ip: &#039;2600:1004:a016:b90a:bdaa:3a48:aa89:36bd%en0&#039;
Build info: version: &#039;4.18.1&#039;, revision: &#039;b1d3319b48&#039;
System info: os.name: &#039;Mac OS X&#039;, os.arch: &#039;aarch64&#039;, os.version: &#039;14.2.1&#039;, java.version: &#039;21.0.1&#039;
Driver info: io.appium.java_client.ios.IOSDriver
Command: [null, newSession {desiredCapabilities=Capabilities {appium:app: /Users/balamcpro/eclipse-wo..., appium:automationName: XCuiTest, appium:deviceName: iPhone 15 Pro, appium:platformVersion: 17.2, appium:wdaLaunchTimeout: 20000, platformName: IOS}, capabilities=[{appium:wdaLaunchTimeout=20000, appium:deviceName=iPhone 15 Pro, platformName=IOS, appium:automationName=XCuiTest, appium:app=/Users/balamcpro/eclipse-workspace/AppiumFrameworkDesign001//src//test//java//org//balamuruganacademy//resources//UIKitCatalog.app, appium:platformVersion=17.2}]}]
Capabilities {appium:app: /Users/balamcpro/eclipse-wo..., appium:automationName: XCuiTest, appium:deviceName: iPhone 15 Pro, appium:platformVersion: 17.2, appium:wdaLaunchTimeout: 20000, platformName: IOS}" type="org.openqa.selenium.SessionNotCreatedException">
      <![CDATA[org.openqa.selenium.SessionNotCreatedException: Could not start a new session. Response code 500. Message: An unknown server-side error occurred while processing the command. Original error: Could not determine iOS SDK version: Command 'xcrun --sdk iphonesimulator --show-sdk-version' exited with code 1: xcrun: error: SDK "iphonesimulator" cannot be located
xcrun: error: SDK "iphonesimulator" cannot be located
xcrun: error: unable to lookup item 'SDKVersion' in SDK 'iphonesimulator'
 
Host info: host: 'Balas-MBP', ip: '2600:1004:a016:b90a:bdaa:3a48:aa89:36bd%en0'
Build info: version: '4.18.1', revision: 'b1d3319b48'
System info: os.name: 'Mac OS X', os.arch: 'aarch64', os.version: '14.2.1', java.version: '21.0.1'
Driver info: io.appium.java_client.ios.IOSDriver
Command: [null, newSession {desiredCapabilities=Capabilities {appium:app: /Users/balamcpro/eclipse-wo..., appium:automationName: XCuiTest, appium:deviceName: iPhone 15 Pro, appium:platformVersion: 17.2, appium:wdaLaunchTimeout: 20000, platformName: IOS}, capabilities=[{appium:wdaLaunchTimeout=20000, appium:deviceName=iPhone 15 Pro, platformName=IOS, appium:automationName=XCuiTest, appium:app=/Users/balamcpro/eclipse-workspace/AppiumFrameworkDesign001//src//test//java//org//balamuruganacademy//resources//UIKitCatalog.app, appium:platformVersion=17.2}]}]
Capabilities {appium:app: /Users/balamcpro/eclipse-wo..., appium:automationName: XCuiTest, appium:deviceName: iPhone 15 Pro, appium:platformVersion: 17.2, appium:wdaLaunchTimeout: 20000, platformName: IOS}
at org.openqa.selenium.remote.ProtocolHandshake.createSession(ProtocolHandshake.java:139)
at java.base/jdk.internal.reflect.DirectMethodHandleAccessor.invoke(DirectMethodHandleAccessor.java:103)
at java.base/java.lang.reflect.Method.invoke(Method.java:580)
at io.appium.java_client.remote.AppiumProtocolHandshake.createSession(AppiumProtocolHandshake.java:133)
at io.appium.java_client.remote.AppiumProtocolHandshake.createSession(AppiumProtocolHandshake.java:102)
at io.appium.java_client.remote.AppiumCommandExecutor.createSession(AppiumCommandExecutor.java:176)
at io.appium.java_client.remote.AppiumCommandExecutor.execute(AppiumCommandExecutor.java:237)
at org.openqa.selenium.remote.RemoteWebDriver.execute(RemoteWebDriver.java:519)
at io.appium.java_client.AppiumDriver.startSession(AppiumDriver.java:268)
at org.openqa.selenium.remote.RemoteWebDriver.<init>(RemoteWebDriver.java:162)
at io.appium.java_client.AppiumDriver.<init>(AppiumDriver.java:90)
at io.appium.java_client.AppiumDriver.<init>(AppiumDriver.java:102)
at io.appium.java_client.ios.IOSDriver.<init>(IOSDriver.java:101)
at org.balamuruganacademy.TestUtils.IOSBaseTest.ConfigureAppium(IOSBaseTest.java:65)
at java.base/jdk.internal.reflect.DirectMethodHandleAccessor.invoke(DirectMethodHandleAccessor.java:103)
at java.base/java.lang.reflect.Method.invoke(Method.java:580)
at org.testng.internal.invokers.MethodInvocationHelper.invokeMethod(MethodInvocationHelper.java:139)
at org.testng.internal.invokers.MethodInvocationHelper.invokeMethodConsideringTimeout(MethodInvocationHelper.java:69)
at org.testng.internal.invokers.ConfigInvoker.invokeConfigurationMethod(ConfigInvoker.java:393)
at org.testng.internal.invokers.ConfigInvoker.invokeConfigurations(ConfigInvoker.java:326)
at org.testng.internal.invokers.TestMethodWorker.invokeBeforeClassMethods(TestMethodWorker.java:180)
at org.testng.internal.invokers.TestMethodWorker.run(TestMethodWorker.java:122)
at java.base/java.util.ArrayList.forEach(ArrayList.java:1596)
at org.testng.TestRunner.privateRun(TestRunner.java:819)
at org.testng.TestRunner.run(TestRunner.java:619)
at org.testng.SuiteRunner.runTest(SuiteRunner.java:443)
at org.testng.SuiteRunner.runSequentially(SuiteRunner.java:437)
at org.testng.SuiteRunner.privateRun(SuiteRunner.java:397)
at org.testng.SuiteRunner.run(SuiteRunner.java:336)
at org.testng.SuiteRunnerWorker.runSuite(SuiteRunnerWorker.java:52)
at org.testng.SuiteRunnerWorker.run(SuiteRunnerWorker.java:95)
at org.testng.TestNG.runSuitesSequentially(TestNG.java:1301)
at org.testng.TestNG.runSuitesLocally(TestNG.java:1228)
at org.testng.TestNG.runSuites(TestNG.java:1134)
at org.testng.TestNG.run(TestNG.java:1101)
at org.testng.remote.AbstractRemoteTestNG.run(AbstractRemoteTestNG.java:115)
at org.testng.remote.RemoteTestNG.initAndRun(RemoteTestNG.java:251)
at org.testng.remote.RemoteTestNG.main(RemoteTestNG.java:77)
]]>
    </error>
  </testcase> <!-- ConfigureAppium -->
  <testcase classname="org.balamuruganacademy.test.ios.IOSBasics" name="IOSBasicsTest" time="0.000">
    <skipped/>
  </testcase> <!-- IOSBasicsTest -->
</testsuite> <!-- org.balamuruganacademy.test.ios.IOSBasics -->
